<?xml version="1.0" encoding="UTF-8"?>
<!-- Generated by org.testng.reporters.JUnitReportReporter -->
<testsuite skipped="0" hostname="mohal" name="com.inetbanking.testCases.TC_AddCustomer_003" tests="1" failures="0" timestamp="2021-05-25T02:45:19 IST" time="17.563" errors="0">
  <testcase name="AddNewCustomer" time="17.563" classname="com.inetbanking.testCases.TC_AddCustomer_003"/>
  <system-out/>
</testsuite> <!-- com.inetbanking.testCases.TC_AddCustomer_003 -->
