<?xml version="1.0" encoding="UTF-8"?>
<!-- Generated by org.testng.reporters.JUnitReportReporter -->
<testsuite hostname="mohal" failures="0" tests="1" name="com.inetbanking.testCases.TC_LoginPage_001" time="2.371" errors="0" timestamp="2023-09-03T11:47:02 IST" skipped="0">
  <testcase classname="com.inetbanking.testCases.TC_LoginPage_001" name="loginTest" time="2.371"/>
  <system-out/>
</testsuite> <!-- com.inetbanking.testCases.TC_LoginPage_001 -->
