<?xml version="1.0" encoding="UTF-8"?>
<!-- Generated by org.testng.reporters.JUnitReportReporter -->
<testsuite hostname="mohal" failures="0" tests="1" name="com.inetbanking.testCases.TC_001_LoginPage" time="3.006" errors="0" timestamp="2023-09-03T10:34:17 IST" skipped="0">
  <testcase classname="com.inetbanking.testCases.TC_001_LoginPage" name="loginTest" time="3.006"/>
  <system-out/>
</testsuite> <!-- com.inetbanking.testCases.TC_001_LoginPage -->
